SF:lib/features/tasks/data/datasources/task_local_datasource.dart
DA:9,0
DA:11,0
DA:12,0
DA:16,0
DA:17,0
DA:18,0
DA:20,0
DA:24,0
DA:25,0
DA:26,0
DA:28,0
DA:29,0
DA:31,0
DA:35,0
DA:36,0
DA:37,0
DA:39,0
DA:40,0
DA:41,0
DA:42,0
DA:49,0
DA:50,0
DA:51,0
DA:54,0
DA:55,0
DA:56,0
DA:57,0
DA:58,0
DA:59,0
DA:60,0
DA:65,0
DA:66,0
DA:67,0
DA:71,0
DA:72,0
DA:73,0
DA:74,0
DA:75,0
DA:76,0
DA:79,0
DA:80,0
DA:81,0
DA:82,0
DA:83,0
DA:84,0
DA:95,1
DA:97,0
DA:98,0
DA:99,0
DA:102,0
DA:103,0
DA:105,0
DA:106,0
LF:53
LH:1
end_of_record
SF:lib/features/tasks/data/repositories/task_repository.dart
DA:12,1
DA:15,0
DA:16,0
DA:19,1
DA:26,2
DA:32,5
DA:35,1
DA:36,2
DA:39,3
DA:40,1
DA:45,2
DA:46,2
DA:48,2
DA:49,0
DA:51,1
DA:58,1
DA:63,1
DA:64,2
DA:66,1
DA:68,1
DA:70,1
DA:71,3
DA:72,1
DA:77,1
DA:80,3
DA:82,1
DA:85,2
DA:86,4
DA:95,0
DA:97,0
DA:99,0
DA:101,0
DA:103,0
DA:105,0
DA:106,0
DA:108,0
DA:112,0
DA:113,0
DA:114,0
DA:115,0
DA:116,0
DA:117,0
DA:119,0
DA:120,0
DA:128,0
DA:130,0
DA:131,0
DA:133,0
DA:135,0
DA:137,0
DA:138,0
DA:140,0
DA:143,0
DA:144,0
DA:145,0
DA:146,0
DA:147,0
DA:148,0
DA:156,0
DA:158,0
DA:159,0
DA:161,0
DA:162,0
DA:164,0
DA:167,0
DA:168,0
DA:169,0
DA:177,1
DA:178,2
DA:179,1
DA:181,0
DA:183,0
DA:185,0
DA:186,0
DA:187,0
DA:188,0
DA:189,0
DA:193,0
DA:196,0
DA:197,0
DA:198,0
DA:199,0
DA:200,0
DA:201,0
DA:206,0
DA:207,0
DA:211,0
DA:212,0
DA:215,0
DA:220,1
DA:221,1
DA:222,2
DA:223,2
DA:224,2
DA:225,2
DA:228,0
DA:231,0
DA:232,0
DA:233,0
DA:234,0
DA:235,0
DA:236,0
LF:102
LH:34
end_of_record
SF:lib/features/tasks/data/services/task_api_service.dart
DA:10,0
DA:12,0
DA:13,0
DA:14,0
DA:18,0
DA:21,0
DA:22,0
DA:25,0
DA:31,0
DA:36,0
DA:42,0
DA:45,0
DA:50,0
DA:54,0
DA:55,0
DA:57,0
DA:60,0
DA:64,0
DA:65,0
DA:66,0
DA:67,0
DA:70,0
DA:74,0
DA:75,0
LF:24
LH:0
end_of_record
SF:lib/features/tasks/domain/entities/task.dart
DA:11,4
DA:21,1
DA:29,1
DA:30,1
DA:31,1
DA:32,1
DA:33,1
DA:34,1
DA:35,1
DA:39,2
DA:43,4
DA:46,1
DA:47,2
DA:49,1
DA:51,4
LF:15
LH:15
end_of_record
SF:lib/features/tasks/data/models/task_model.dart
DA:8,1
DA:9,2
DA:15,2
DA:26,1
DA:27,1
DA:29,2
DA:30,2
DA:31,2
DA:32,2
DA:33,2
DA:34,2
DA:35,2
DA:36,2
DA:40,0
DA:41,0
DA:42,0
DA:43,0
DA:44,0
DA:45,0
DA:46,0
DA:47,0
DA:60,0
DA:61,0
DA:73,0
DA:74,0
DA:84,2
DA:91,1
DA:92,1
DA:93,1
DA:94,3
DA:95,1
DA:96,1
DA:97,1
DA:98,1
LF:34
LH:22
end_of_record
SF:lib/features/tasks/data/models/task_model.g.dart
DA:9,1
DA:10,1
DA:11,1
DA:12,1
DA:13,1
DA:14,1
DA:15,2
DA:16,1
DA:18,0
DA:21,1
DA:22,1
DA:23,1
DA:24,1
DA:25,1
DA:26,1
DA:27,2
DA:28,1
DA:31,0
DA:32,0
DA:33,0
DA:34,0
DA:37,0
DA:38,0
DA:39,0
DA:40,0
DA:43,0
DA:44,0
DA:45,0
DA:46,0
DA:47,0
DA:50,0
DA:51,0
DA:52,0
DA:53,0
DA:54,0
LF:35
LH:16
end_of_record
SF:lib/core/config/api_config.dart
DA:14,0
DA:16,0
DA:17,0
DA:37,0
LF:4
LH:0
end_of_record
SF:lib/features/tasks/presentation/providers/tasks_provider.dart
DA:7,3
DA:8,0
DA:11,4
DA:21,4
DA:24,2
DA:26,0
DA:29,6
DA:30,6
DA:36,2
DA:39,4
DA:44,2
DA:45,4
DA:51,3
DA:56,1
DA:57,3
DA:60,2
DA:63,3
DA:66,2
DA:67,2
DA:72,1
DA:75,2
DA:76,3
DA:82,0
DA:83,0
DA:87,1
DA:89,2
DA:91,3
DA:92,2
DA:93,2
DA:99,3
DA:101,0
DA:104,0
DA:108,0
DA:109,0
DA:112,0
DA:113,0
DA:114,0
DA:116,0
DA:118,0
DA:121,0
DA:123,0
DA:124,0
DA:128,0
DA:129,0
DA:130,0
DA:132,0
DA:136,0
DA:137,0
DA:142,0
DA:143,0
DA:145,0
DA:148,0
DA:150,0
DA:151,0
DA:152,0
DA:156,0
DA:164,0
DA:166,0
DA:167,0
DA:168,0
DA:169,0
DA:170,0
DA:174,0
DA:175,0
DA:179,0
DA:182,0
DA:184,0
DA:188,1
DA:189,2
DA:190,1
DA:192,1
DA:194,0
DA:195,0
DA:196,0
DA:197,0
DA:200,2
DA:205,4
DA:206,2
DA:207,1
DA:210,4
DA:211,2
DA:212,3
DA:214,2
DA:215,1
DA:218,4
DA:219,2
DA:221,1
DA:222,1
DA:223,2
DA:224,2
DA:225,1
DA:227,1
LF:92
LH:47
end_of_record
SF:lib/core/theme/app_theme.dart
DA:13,1
DA:14,1
DA:50,2
DA:55,0
DA:56,0
DA:83,0
LF:6
LH:3
end_of_record
SF:lib/features/tasks/presentation/screens/tasks_screen.dart
DA:22,1
DA:24,1
DA:25,1
DA:31,1
DA:33,1
DA:34,1
DA:35,6
DA:37,3
DA:40,0
DA:42,0
DA:43,0
DA:46,0
DA:47,0
DA:48,0
DA:49,0
DA:50,0
DA:54,0
DA:55,0
DA:58,0
DA:59,0
DA:60,0
DA:61,0
DA:65,0
DA:66,0
DA:67,0
DA:70,0
DA:74,1
DA:76,3
DA:77,3
DA:78,3
DA:79,3
DA:80,1
DA:83,3
DA:84,1
DA:86,3
DA:88,1
DA:89,1
DA:90,1
DA:92,1
DA:93,1
DA:94,1
DA:96,1
DA:99,1
DA:100,1
DA:102,1
DA:107,0
DA:109,0
DA:110,0
DA:117,1
DA:118,1
DA:119,1
DA:120,1
DA:122,1
DA:126,1
DA:128,1
DA:130,1
DA:131,1
DA:132,1
DA:145,1
DA:146,1
DA:147,1
DA:148,2
DA:149,2
DA:151,0
DA:154,0
DA:155,0
DA:157,1
DA:158,1
DA:159,1
DA:161,1
DA:163,1
DA:169,0
DA:176,0
DA:177,0
DA:178,0
DA:184,0
DA:185,0
DA:186,0
DA:187,0
DA:189,0
DA:194,0
DA:195,0
DA:196,0
DA:197,0
DA:203,0
DA:204,0
DA:205,0
DA:206,0
DA:207,0
DA:209,0
DA:220,2
DA:227,1
DA:229,1
DA:230,1
DA:232,3
DA:233,2
DA:244,1
DA:246,1
DA:248,1
DA:249,1
DA:250,1
DA:251,1
DA:253,1
DA:254,2
DA:257,1
DA:259,1
DA:260,2
DA:272,1
DA:274,1
DA:276,1
DA:277,1
DA:278,1
DA:279,2
DA:280,1
DA:283,1
DA:287,2
DA:294,1
DA:301,1
DA:303,1
DA:304,0
DA:311,1
DA:313,1
DA:315,1
DA:316,0
DA:317,0
DA:319,0
DA:326,1
DA:328,0
DA:330,0
DA:332,0
DA:333,0
DA:336,0
DA:337,0
DA:340,0
DA:348,0
DA:350,0
LF:136
LH:80
end_of_record
SF:lib/core/responsive/breakpoints.dart
DA:5,0
DA:6,0
DA:7,2
LF:3
LH:1
end_of_record
SF:lib/core/theme/theme_provider.dart
DA:9,0
DA:10,0
DA:16,0
DA:17,0
DA:20,0
DA:21,0
DA:22,0
DA:24,0
DA:25,0
DA:26,0
DA:30,0
DA:31,0
DA:32,0
DA:35,0
DA:38,0
DA:44,0
LF:16
LH:0
end_of_record
SF:lib/features/tasks/presentation/providers/sync_provider.dart
DA:8,4
DA:9,1
DA:10,2
DA:11,1
DA:19,2
DA:20,1
DA:23,1
DA:25,3
DA:27,0
DA:28,0
DA:33,0
DA:34,0
DA:39,0
DA:42,0
DA:45,0
DA:48,0
DA:50,0
LF:17
LH:8
end_of_record
SF:lib/shared/widgets/empty_state.dart
DA:9,0
DA:16,0
DA:18,0
DA:19,0
DA:21,0
DA:23,0
DA:24,0
DA:25,0
DA:27,0
DA:30,0
DA:31,0
DA:32,0
DA:35,0
DA:37,0
DA:38,0
DA:39,0
DA:40,0
LF:17
LH:0
end_of_record
SF:lib/shared/widgets/error_display.dart
DA:8,0
DA:14,0
DA:16,0
DA:17,0
DA:19,0
DA:21,0
DA:22,0
DA:25,0
DA:28,0
DA:30,0
DA:34,0
DA:35,0
DA:36,0
DA:37,0
DA:41,0
DA:43,0
DA:44,0
LF:17
LH:0
end_of_record
SF:lib/shared/widgets/loading_indicator.dart
DA:7,1
DA:12,0
DA:14,0
DA:15,0
DA:17,0
DA:19,0
DA:21,0
DA:22,0
DA:23,0
LF:9
LH:1
end_of_record
SF:lib/l10n/app_localizations.dart
DA:65,0
DA:69,1
DA:70,1
DA:274,1
DA:276,0
DA:278,0
DA:281,0
DA:282,0
DA:284,0
DA:288,0
DA:292,0
DA:293,0
DA:294,0
DA:297,0
LF:14
LH:3
end_of_record
SF:lib/features/tasks/presentation/widgets/task_dialog.dart
DA:12,1
DA:14,0
DA:15,0
DA:24,0
DA:26,0
DA:28,0
DA:29,0
DA:30,0
DA:33,0
DA:35,0
DA:36,0
DA:37,0
DA:40,0
DA:41,0
DA:45,0
DA:47,0
DA:50,0
DA:56,0
DA:57,0
DA:58,0
DA:59,0
DA:62,0
DA:63,0
DA:64,0
DA:66,0
DA:70,0
DA:71,0
DA:72,0
DA:73,0
DA:74,0
DA:81,0
DA:82,0
DA:83,0
DA:84,0
DA:85,0
DA:91,0
DA:92,0
DA:97,0
DA:99,0
DA:100,0
DA:101,0
DA:102,0
DA:104,0
DA:105,0
DA:106,0
DA:108,0
DA:109,0
DA:110,0
DA:111,0
DA:112,0
DA:119,0
DA:120,0
DA:121,0
DA:123,0
DA:130,0
DA:131,0
DA:132,0
DA:133,0
DA:140,0
DA:142,0
DA:152,0
DA:153,0
DA:154,0
DA:155,0
DA:157,0
DA:158,0
DA:159,0
DA:165,0
LF:68
LH:1
end_of_record
SF:lib/features/tasks/presentation/widgets/task_item.dart
DA:15,0
DA:20,0
DA:23,0
DA:24,0
DA:25,0
DA:27,0
DA:28,0
DA:30,0
DA:31,0
DA:32,0
DA:33,0
DA:37,0
DA:38,0
DA:39,0
DA:40,0
DA:43,0
DA:47,0
DA:50,0
DA:51,0
DA:52,0
DA:54,0
DA:56,0
DA:57,0
DA:59,0
DA:63,0
DA:66,0
DA:67,0
DA:68,0
DA:69,0
DA:70,0
DA:71,0
DA:72,0
DA:73,0
DA:74,0
DA:75,0
DA:78,0
DA:80,0
DA:82,0
DA:84,0
DA:86,0
DA:88,0
DA:89,0
DA:90,0
DA:92,0
DA:93,0
DA:94,0
DA:95,0
DA:96,0
DA:97,0
DA:101,0
DA:102,0
DA:103,0
DA:109,0
DA:110,0
DA:112,0
DA:113,0
DA:115,0
DA:116,0
DA:117,0
DA:120,0
DA:121,0
DA:122,0
DA:123,0
DA:127,0
DA:129,0
DA:130,0
DA:131,0
DA:132,0
DA:139,0
DA:140,0
DA:141,0
DA:142,0
DA:144,0
DA:145,0
DA:146,0
DA:147,0
DA:158,0
DA:159,0
DA:160,0
DA:161,0
DA:162,0
DA:164,0
DA:166,0
DA:167,0
DA:170,0
DA:198,0
DA:201,0
DA:202,0
DA:203,0
DA:204,0
DA:205,0
DA:206,0
DA:207,0
DA:210,0
DA:217,0
DA:218,0
DA:220,0
DA:223,0
DA:224,0
DA:225,0
DA:228,0
DA:229,0
DA:230,0
DA:231,0
DA:232,0
LF:105
LH:0
end_of_record
SF:lib/features/tasks/presentation/widgets/task_filter_bar.dart
DA:7,1
DA:9,1
DA:11,2
DA:12,1
DA:13,1
DA:15,1
DA:18,1
DA:20,1
DA:21,1
DA:24,1
DA:25,0
DA:26,0
DA:30,1
DA:33,1
DA:34,0
DA:35,0
DA:39,1
DA:42,1
DA:43,0
DA:44,0
DA:60,1
DA:68,1
DA:70,1
DA:71,1
DA:72,1
DA:74,5
DA:76,2
DA:77,1
DA:78,5
DA:79,1
DA:80,5
DA:81,1
DA:84,2
DA:85,1
LF:34
LH:28
end_of_record
SF:lib/features/tasks/presentation/widgets/settings_widgets.dart
DA:6,1
DA:8,0
DA:10,0
DA:11,0
DA:16,1
DA:18,0
DA:20,0
DA:21,0
DA:29,0
DA:31,0
DA:33,0
DA:34,0
DA:35,0
DA:36,0
DA:38,0
DA:41,0
DA:43,0
DA:46,0
DA:48,0
DA:52,0
DA:53,0
DA:54,0
DA:61,1
DA:63,0
DA:65,0
DA:70,0
DA:76,1
DA:78,0
DA:80,0
DA:82,0
DA:83,0
LF:31
LH:4
end_of_record
SF:lib/l10n/app_localizations_en.dart
DA:9,0
DA:11,0
DA:14,0
DA:17,0
DA:20,0
DA:23,0
DA:26,0
DA:29,0
DA:32,0
DA:35,0
DA:38,0
DA:41,0
DA:43,0
DA:45,0
DA:46,0
DA:50,0
DA:53,0
DA:56,0
DA:59,0
DA:62,0
DA:65,0
DA:68,0
DA:71,0
DA:74,0
DA:77,0
DA:80,0
DA:83,0
DA:86,0
DA:89,0
DA:92,0
DA:95,0
DA:98,0
DA:101,0
DA:104,0
LF:34
LH:0
end_of_record
SF:lib/l10n/app_localizations_es.dart
DA:9,0
DA:11,0
DA:14,0
DA:17,0
DA:20,0
DA:23,0
DA:26,0
DA:29,0
DA:32,0
DA:35,0
DA:38,0
DA:41,0
DA:43,0
DA:45,0
DA:46,0
DA:50,0
DA:53,0
DA:56,0
DA:59,0
DA:62,0
DA:65,0
DA:68,0
DA:71,0
DA:74,0
DA:77,0
DA:80,0
DA:83,0
DA:86,0
DA:89,0
DA:92,0
DA:95,0
DA:98,0
DA:101,0
DA:104,0
LF:34
LH:0
end_of_record
